<?xml version="1.0" encoding="UTF-8"?>
<!-- Generated by org.testng.reporters.JUnitReportReporter -->
<testsuite skipped="0" hostname="DESKTOP-T682CD6" name="com.java.testNG.WindowHandlingAmazon2" tests="1" failures="0" timestamp="10 Mar 2020 13:38:45 GMT" time="120.833" errors="0">
  <testcase name="windowHandle" time="120.833" classname="com.java.testNG.WindowHandlingAmazon2"/>
</testsuite> <!-- com.java.testNG.WindowHandlingAmazon2 -->
