<?xml version="1.0" encoding="UTF-8"?>
<!-- Generated by org.testng.reporters.JUnitReportReporter -->
<testsuite skipped="0" hostname="DESKTOP-T682CD6" name="testNG.SuiteTestTwo" tests="3" failures="0" timestamp="06 Mar 2020 02:27:12 GMT" time="44.358" errors="0">
  <testcase name="OpenGoogle" time="6.783" classname="testNG.SuiteTestTwo"/>
  <testcase name="OpenBing" time="2.043" classname="testNG.SuiteTestTwo"/>
  <testcase name="OpenYahoo" time="35.532" classname="testNG.SuiteTestTwo"/>
</testsuite> <!-- testNG.SuiteTestTwo -->
