<?xml version="1.0" encoding="UTF-8"?>
<!-- Generated by org.testng.reporters.JUnitReportReporter -->
<testsuite skipped="1" hostname="DESKTOP-T682CD6" name="com.java.testNG.DisablingTestCase" tests="4" failures="0" timestamp="16 Apr 2020 07:12:49 GMT" time="190.757" errors="0">
  <testcase name="waveinn" time="83.136" classname="com.java.testNG.DisablingTestCase"/>
  <testcase name="amazon" time="18.460" classname="com.java.testNG.DisablingTestCase"/>
  <testcase name="myntra" time="89.161" classname="com.java.testNG.DisablingTestCase"/>
  <testcase name="flipcart" classname="com.java.testNG.DisablingTestCase">
    <skipped/>
  </testcase> <!-- flipcart -->
</testsuite> <!-- com.java.testNG.DisablingTestCase -->
