<?xml version="1.0" encoding="UTF-8"?>
<!-- Generated by org.testng.reporters.JUnitReportReporter -->
<testsuite skipped="0" hostname="DESKTOP-T682CD6" name="com.java.testNG.PiorityTest" tests="2" failures="0" timestamp="16 Apr 2020 05:48:52 GMT" time="13.008" errors="0">
  <testcase name="google" time="9.281" classname="com.java.testNG.PiorityTest"/>
  <testcase name="Bing" time="3.727" classname="com.java.testNG.PiorityTest"/>
</testsuite> <!-- com.java.testNG.PiorityTest -->
