<?xml version="1.0" encoding="UTF-8"?>
<!-- Generated by org.testng.reporters.JUnitReportReporter -->
<testsuite skipped="0" hostname="DESKTOP-T682CD6" name="com.java.testNG.WindowHandlingAmazon" tests="1" failures="0" timestamp="10 Mar 2020 13:38:44 GMT" time="53.681" errors="0">
  <testcase name="windowHandle" time="53.681" classname="com.java.testNG.WindowHandlingAmazon"/>
</testsuite> <!-- com.java.testNG.WindowHandlingAmazon -->
