<?xml version="1.0" encoding="UTF-8"?>
<!-- Generated by org.testng.reporters.JUnitReportReporter -->
<testsuite skipped="0" hostname="DESKTOP-T682CD6" name="com.java.webelements.TimeoutExceptionTestNG" tests="2" failures="0" timestamp="19 Apr 2020 03:19:58 GMT" time="2.220" errors="1">
  <testcase name="display" time="2.218" classname="com.java.webelements.TimeoutExceptionTestNG">
    <error type="org.testng.internal.thread.ThreadTimeoutException" message="Method com.java.webelements.TimeoutExceptionTestNG.display() didn&#039;t finish within the time-out 2000">
      <![CDATA[org.testng.internal.thread.ThreadTimeoutException: Method com.java.webelements.TimeoutExceptionTestNG.display() didn't finish within the time-out 2000
]]>
    </error>
  </testcase> <!-- display -->
  <testcase name="runner" time="0.002" classname="com.java.webelements.TimeoutExceptionTestNG"/>
</testsuite> <!-- com.java.webelements.TimeoutExceptionTestNG -->
