<?xml version="1.0" encoding="UTF-8"?>
<!-- Generated by org.testng.reporters.JUnitReportReporter -->
<testsuite skipped="0" hostname="DESKTOP-T682CD6" name="com.java.testNG.Parametrization" tests="2" failures="0" timestamp="17 Apr 2020 06:09:53 GMT" time="27.400" errors="0">
  <testcase name="goToGoogle" time="14.038" classname="com.java.testNG.Parametrization"/>
  <testcase name="url" time="13.362" classname="com.java.testNG.Parametrization"/>
</testsuite> <!-- com.java.testNG.Parametrization -->
