<?xml version="1.0" encoding="UTF-8"?>
<!-- Generated by org.testng.reporters.JUnitReportReporter -->
<testsuite skipped="0" hostname="DESKTOP-T682CD6" name="testNG.MyFirstTest" tests="3" failures="0" timestamp="06 Mar 2020 02:27:12 GMT" time="0.023" errors="0">
  <testcase name="displayzero" time="0.010" classname="testNG.MyFirstTest"/>
  <testcase name="displayone" time="0.005" classname="testNG.MyFirstTest"/>
  <testcase name="displayTwo" time="0.008" classname="testNG.MyFirstTest"/>
</testsuite> <!-- testNG.MyFirstTest -->
