<?xml version="1.0" encoding="UTF-8"?>
<!-- Generated by org.testng.reporters.JUnitReportReporter -->
<testsuite skipped="0" hostname="DESKTOP-T682CD6" name="testNG.DependsOn" tests="3" failures="0" timestamp="06 Mar 2020 02:27:12 GMT" time="0.031" errors="0">
  <testcase name="School" time="0.009" classname="testNG.DependsOn"/>
  <testcase name="College" time="0.003" classname="testNG.DependsOn"/>
  <testcase name="Interview" time="0.019" classname="testNG.DependsOn"/>
</testsuite> <!-- testNG.DependsOn -->
