<?xml version="1.0" encoding="UTF-8"?>
<!-- Generated by org.testng.reporters.JUnitReportReporter -->
<testsuite skipped="0" hostname="DESKTOP-T682CD6" name="testNG.SuiteTestCses" tests="3" failures="0" timestamp="06 Mar 2020 02:27:12 GMT" time="257.657" errors="0">
  <testcase name="OpenGoogle" time="77.059" classname="testNG.SuiteTestCses"/>
  <testcase name="OpenYahoo" time="139.618" classname="testNG.SuiteTestCses"/>
  <testcase name="OpenBing" time="40.980" classname="testNG.SuiteTestCses"/>
</testsuite> <!-- testNG.SuiteTestCses -->
