<?xml version="1.0" encoding="UTF-8"?>
<!-- Generated by org.testng.reporters.JUnitReportReporter -->
<testsuite skipped="0" hostname="DESKTOP-T682CD6" name="testNG.GroupingExamples" tests="4" failures="0" timestamp="16 Apr 2020 06:03:41 GMT" time="0.062" errors="0">
  <testcase name="vivo2" time="0.016" classname="testNG.GroupingExamples"/>
  <testcase name="lenovo2" time="0.000" classname="testNG.GroupingExamples"/>
  <testcase name="vivo1" time="0.015" classname="testNG.GroupingExamples"/>
  <testcase name="lenovo1" time="0.031" classname="testNG.GroupingExamples"/>
</testsuite> <!-- testNG.GroupingExamples -->
