<?xml version="1.0" encoding="UTF-8"?>
<!-- Generated by org.testng.reporters.JUnitReportReporter -->
<testsuite skipped="0" hostname="DESKTOP-T682CD6" name="com.java.testing.AnnotationTest" tests="1" failures="0" timestamp="2020-03-03T09:05:32 IST" time="0.018" errors="0">
  <testcase name="google" time="0.018" classname="com.java.testing.AnnotationTest"/>
</testsuite> <!-- com.java.testing.AnnotationTest -->
