<?xml version="1.0" encoding="UTF-8"?>
<!-- Generated by org.testng.reporters.JUnitReportReporter -->
<testsuite skipped="0" hostname="DESKTOP-T682CD6" name="com.java.exercise.LoginApp" tests="4" failures="0" timestamp="27 Jul 2020 16:16:43 GMT" time="35.321" errors="0">
  <testcase name="loginTest" time="2.283" classname="com.java.exercise.LoginApp"/>
  <testcase name="loginTest" time="2.163" classname="com.java.exercise.LoginApp"/>
  <testcase name="loginTest" time="25.164" classname="com.java.exercise.LoginApp"/>
  <testcase name="loginTest" time="5.711" classname="com.java.exercise.LoginApp"/>
</testsuite> <!-- com.java.exercise.LoginApp -->
