<?xml version="1.0" encoding="UTF-8"?>
<!-- Generated by org.testng.reporters.JUnitReportReporter -->
<testsuite skipped="0" hostname="DESKTOP-T682CD6" name="com.java.testNG.Dependenties" tests="2" failures="0" timestamp="10 Mar 2020 07:07:54 GMT" time="17.747" errors="0">
  <testcase name="goToGoogle" time="5.610" classname="com.java.testNG.Dependenties"/>
  <testcase name="url" time="12.137" classname="com.java.testNG.Dependenties"/>
</testsuite> <!-- com.java.testNG.Dependenties -->
