<?xml version="1.0" encoding="UTF-8"?>
<!-- Generated by org.testng.reporters.JUnitReportReporter -->
<testsuite skipped="0" hostname="DESKTOP-T682CD6" name="com.java.exercise.SoftAssertUsingAmazon" tests="1" failures="0" timestamp="06 Mar 2020 06:14:50 GMT" time="115.874" errors="0">
  <testcase name="AmazonWindowHandle" time="115.874" classname="com.java.exercise.SoftAssertUsingAmazon"/>
</testsuite> <!-- com.java.exercise.SoftAssertUsingAmazon -->
