<?xml version="1.0" encoding="UTF-8"?>
<!-- Generated by org.testng.reporters.JUnitReportReporter -->
<testsuite skipped="0" hostname="DESKTOP-T682CD6" name="com.java.testNG.AnnotationTest" tests="2" failures="0" timestamp="02 Aug 2020 03:26:37 GMT" time="0.085" errors="0">
  <testcase name="bing" time="0.076" classname="com.java.testNG.AnnotationTest"/>
  <testcase name="google" time="0.009" classname="com.java.testNG.AnnotationTest"/>
</testsuite> <!-- com.java.testNG.AnnotationTest -->
